    ======  ======
    Time:19/06/2020 08:42:23 a. m.
    Title: Initiate log
    Message: 
    Time:19/06/2020 08:42:23 a. m.
    Title: Initiate InternalManager
    Message: Trying to Validate License
    Time:19/06/2020 08:42:23 a. m.
    Title: Requesting EVT
    Message: EVTP
    Time:19/06/2020 08:42:23 a. m.
    Title: Requesting Validation
    Message: ILMValidate
    Time:19/06/2020 08:42:23 a. m.
    Title: LICENSER
    Message: FNF
    Time:19/06/2020 08:42:24 a. m.
    Title: No se pudo encontrar el archivo 'C:\ProgramData\Telerik\Hash.lic'.
    Message:    en System.IO.__Error.WinIOError(Int32 errorCode, String maybeFullPath)
   en System.IO.FileStream.Init(String path, FileMode mode, FileAccess access, Int32 rights, Boolean useRights, FileShare share, Int32 bufferSize, FileOptions options, SECURITY_ATTRIBUTES secAttrs, String msgPath, Boolean bFromProxy, Boolean useLongPath, Boolean checkHost)
   en System.IO.FileStream..ctor(String path, FileMode mode, FileAccess access, FileShare share)
   en Telerik.Licensing.Licenser.ReadHashPass()
    Time:19/06/2020 08:42:24 a. m.
    Title: No se pudo encontrar el archivo 'C:\ProgramData\Telerik\Hash.lic'.
    Message:    en System.IO.__Error.WinIOError(Int32 errorCode, String maybeFullPath)
   en System.IO.FileStream.Init(String path, FileMode mode, FileAccess access, Int32 rights, Boolean useRights, FileShare share, Int32 bufferSize, FileOptions options, SECURITY_ATTRIBUTES secAttrs, String msgPath, Boolean bFromProxy, Boolean useLongPath, Boolean checkHost)
   en System.IO.FileStream..ctor(String path, FileMode mode, FileAccess access, FileShare share)
   en Telerik.Licensing.Licenser.ReadHashPass()
    Entering constructor for: Telerik.CommonPackage.VSPackage
    Entering Initialize() of: Telerik.CommonPackage.VSPackage
    Entering constructor for: Telerik.VSX.UserSettingsPackage.UserSettingsPackage
    Entering Initialize() of: Telerik.VSX.UserSettingsPackage.UserSettingsPackage
    Entering constructor for: Telerik.Web.UI.VSPackage.VSPackage
    Entering Initialize() for: Telerik.Web.UI.VSPackage.VSPackage
    Entering constructor for: Telerik.KendoUI.Mvc.VSPackage.VsPackage
    Entering constructor for: Telerik.KendoUI.Mvc.VSPackage.VsPackage
    Entering Initialize() for: Telerik.KendoUI.Mvc.VSPackage.VsPackage
    Entering Initialize() for: Telerik.KendoUI.Mvc.VSPackage.VsPackage
    Product creation from registry failed for:HKEY_LOCAL_MACHINE\Software\Telerik\Reporting\Net4.0
    Install dir: 
    Version: 
    Product creation from registry failed for:HKEY_LOCAL_MACHINE\Software\Telerik\Reporting\R2 2020
    Install dir: 
    Version: 
    No Telerik Reporting products found in registry
    Entering constructor for: Telerik.Windows.WPF.VSPackage.VSPackage
    Entering Initialize() for: Telerik.Windows.WPF.VSPackage.VSPackage
    Entering constructor for: Telerik.Windows.Silverlight.VSPackage.VsPackage
    Entering Initialize() for: Telerik.Windows.Silverlight.VSPackage.VsPackage
    Entering constructor for: Telerik.WinControls.VSPackage.VSPackage
    Entering Initialize() for: Telerik.WinControls.VSPackage.VSPackage
    TFS Code Sense History Data Service singlton created
    Web Publish Package: Exiting constructor for: Microsoft.VisualStudio.Web.Publish.WebPublishPackage
    Web Publish Package: Entering Initialize() of: Microsoft.VisualStudio.Web.Publish.WebPublishPackage
    Web Publish Package: Exiting Initialize() of: Microsoft.VisualStudio.Web.Publish.WebPublishPackage
    Web Publish Package: Entering constractor of WebPublishService
    Web Publish Package: Exiting constractor of WebPublishService
    Web Publish Package: Entering GetPublishableProjectCfg
    Web Publish Package: Creating a new project publish data
    Web Publish Package: Advise shell related events
    Web Publish Package: Exiting GetPublishableProjectCfg
    Web Publish Package: Entering ProjectOpened
    Web Publish Package: Exiting ProjectOpened
    Entering constructor for: DevExpress.ExpressApp.Design.Core.XAFPackageV4
    Entering Initialize() of: DevExpress.ExpressApp.Design.Core.XAFPackageV4
    Entering DevExpress.ExpressApp.Design.Core.EditorFactory constructor
    Entering constructor for: DevExpress.ExpressApp.Design.DesignDynamicPackage.VSPkg
    TR: Assembly resolution failed: Telerik.UserSettings.2016.2.712.0.XmlSerializers, Version=2016.2.712.0, Culture=neutral, PublicKeyToken=0dfdc51bd06071b4
    TR: Assembly resolution failed: Telerik.VSX.2016.2.712.0.XmlSerializers, Version=2016.2.712.0, Culture=neutral, PublicKeyToken=0dfdc51bd06071b4
    TR: Assembly resolution failed: Telerik.UserSettings.2020.2.508.2.XmlSerializers, Version=2020.2.508.2, Culture=neutral, PublicKeyToken=0dfdc51bd06071b4
    TR: Assembly resolution failed: Telerik.Windows.Themes.Modern.2012.2.0903.1135, Culture=neutral
    TR: Assembly resolution failed: Telerik.Windows.Controls.Input.2012.2.0903.1135, Version=2012.2.903.35, Culture=neutral, PublicKeyToken=5803cfa389c90ce7
    TR: Assembly resolution failed: Telerik.Windows.Controls.Navigation.2012.2.0903.1135, Version=2012.2.903.35, Culture=neutral, PublicKeyToken=5803cfa389c90ce7
    TR: Assembly resolution failed: Telerik.VSX.Notifications.1.2.0.0.XmlSerializers, Version=1.2.0.0, Culture=neutral, PublicKeyToken=0dfdc51bd06071b4
    TR: Assembly resolution failed: Telerik.VSX.Notifications.1.2.0.0.XmlSerializers, Version=1.2.0.0, Culture=neutral, PublicKeyToken=0dfdc51bd06071b4
    TR: Assembly resolution failed: Telerik.VSX.2016.2.712.0.XmlSerializers, Version=2016.2.712.0, Culture=neutral, PublicKeyToken=0dfdc51bd06071b4
    TR: Assembly resolution failed: Telerik.UserSettings.2020.2.512.3.XmlSerializers, Version=2020.2.512.3, Culture=neutral, PublicKeyToken=0dfdc51bd06071b4
    TR: Assembly resolution failed: Telerik.VSX.2016.2.712.0.XmlSerializers, Version=2016.2.712.0, Culture=neutral, PublicKeyToken=0dfdc51bd06071b4
    TR: Assembly resolution failed: Telerik.VSX.2020.2.508.2.XmlSerializers, Version=2020.2.508.2, Culture=neutral, PublicKeyToken=0dfdc51bd06071b4
    TR: Assembly resolution failed: Telerik.JustMock.AddIn.XmlSerializers, Version=2020.2.513.1, Culture=neutral, PublicKeyToken=602a9bfd8c8c4ad7
    Web Publish Package: Entering ProjectClosed
    Web Publish Package: Removing a project publish data
    Web Publish Package: Unadvise shell related events
    Web Publish Package: Exiting ProjectClosed
    Entering Dispose() of: DevExpress.ExpressApp.Design.Core.XAFPackageV4
